<?xml version="1.0" encoding="UTF-8"?>
<!-- Generated by org.testng.reporters.JUnitReportReporter -->
<testsuite hostname="LAPTOP-FT0RSCBA" failures="0" tests="2" name="testcases.VerifyAddCartTestCase" time="1.581" errors="0" timestamp="2023-04-09T21:38:30 IST" skipped="0">
  <testcase classname="testcases.VerifyAddCartTestCase" name="verifyProductRemoveFromCart" time="0.761"/>
  <system-out/>
  <testcase classname="testcases.VerifyAddCartTestCase" name="VerifyProductAddToCart" time="0.820"/>
  <system-out/>
</testsuite> <!-- testcases.VerifyAddCartTestCase -->
