<?xml version="1.0" encoding="UTF-8"?>
<!-- Generated by org.testng.reporters.JUnitReportReporter -->
<testsuite hostname="LAPTOP-FT0RSCBA" failures="0" tests="2" name="testcases.VerifyHighestLowestPrice" time="3.834" errors="0" timestamp="2023-04-09T21:38:30 IST" skipped="0">
  <testcase classname="testcases.VerifyHighestLowestPrice" name="verifyLowestPrice" time="3.394"/>
  <system-out/>
  <testcase classname="testcases.VerifyHighestLowestPrice" name="verifyHighestPrice" time="0.440"/>
  <system-out/>
</testsuite> <!-- testcases.VerifyHighestLowestPrice -->
