<?xml version="1.0" encoding="UTF-8"?>
<!-- Generated by org.testng.reporters.JUnitReportReporter -->
<testsuite hostname="LAPTOP-FT0RSCBA" failures="0" tests="7" name="testcases.LoginTestCase$LoginTestCases" time="7.655" errors="0" timestamp="2023-04-09T21:38:30 IST" skipped="0">
  <testcase classname="testcases.LoginTestCase$LoginTestCases" name="verifyInValidUser" time="0.363"/>
  <system-out/>
  <testcase classname="testcases.LoginTestCase$LoginTestCases" name="verifyInValidUser" time="0.233"/>
  <system-out/>
  <testcase classname="testcases.LoginTestCase$LoginTestCases" name="verifyInValidUser" time="5.332"/>
  <system-out/>
  <testcase classname="testcases.LoginTestCase$LoginTestCases" name="verifyInValidUser" time="0.310"/>
  <system-out/>
  <testcase classname="testcases.LoginTestCase$LoginTestCases" name="verifyvalidUser" time="0.274"/>
  <system-out/>
  <testcase classname="testcases.LoginTestCase$LoginTestCases" name="verifyInValidUser" time="0.811"/>
  <system-out/>
  <testcase classname="testcases.LoginTestCase$LoginTestCases" name="verifyInValidUser" time="0.332"/>
  <system-out/>
</testsuite> <!-- testcases.LoginTestCase$LoginTestCases -->
