<?xml version="1.0" encoding="UTF-8"?>
<!-- Generated by org.testng.reporters.JUnitReportReporter -->
<testsuite hostname="LAPTOP-FT0RSCBA" failures="0" tests="2" name="testcases.ProductDisplayTest" time="1.621" errors="0" timestamp="2023-04-09T21:38:30 IST" skipped="0">
  <testcase classname="testcases.ProductDisplayTest" name="displaySauceProduct" time="0.832"/>
  <system-out/>
  <testcase classname="testcases.ProductDisplayTest" name="verifyDiscriptionSauceProduct" time="0.789"/>
  <system-out/>
</testsuite> <!-- testcases.ProductDisplayTest -->
