<?xml version="1.0" encoding="UTF-8"?>
<!-- Generated by org.testng.reporters.JUnitReportReporter -->
<testsuite hostname="LAPTOP-FT0RSCBA" failures="0" tests="1" name="testcases.VerifyAddCart" time="3.932" errors="0" timestamp="2023-04-04T00:03:55 IST" skipped="0">
  <testcase classname="testcases.VerifyAddCart" name="VerifySouceLabs" time="3.932"/>
  <system-out/>
</testsuite> <!-- testcases.VerifyAddCart -->
