<?xml version="1.0" encoding="UTF-8"?>
<!-- Generated by org.testng.reporters.JUnitReportReporter -->
<testsuite hostname="LAPTOP-FT0RSCBA" failures="0" tests="1" name="testcases.EndToEndTest" time="5.125" errors="0" timestamp="2023-04-09T21:38:30 IST" skipped="0">
  <testcase classname="testcases.EndToEndTest" name="verifyEndToEndFlow" time="5.125"/>
  <system-out/>
</testsuite> <!-- testcases.EndToEndTest -->
